24-12-29 14:44:43.625 : Model path: model_results\DBFE_gray.pth
24-12-29 14:44:43.625 : Params number: 3625014
24-12-29 14:44:43.625 : model_name:DBFE_gray, model sigma:25, image sigma:25
24-12-29 14:44:43.625 : testsets_gray\CBSD68
24-12-29 14:44:46.319 : 101085.png - PSNR: 26.00 dB; SSIM: 0.7274.
24-12-29 14:44:46.813 : 101087.png - PSNR: 30.37 dB; SSIM: 0.8761.
24-12-29 14:44:47.309 : 102061.png - PSNR: 30.38 dB; SSIM: 0.8711.
24-12-29 14:44:47.802 : 103070.png - PSNR: 30.88 dB; SSIM: 0.8558.
24-12-29 14:44:48.308 : 105025.png - PSNR: 27.75 dB; SSIM: 0.8234.
24-12-29 14:44:48.804 : 106024.png - PSNR: 33.28 dB; SSIM: 0.9053.
24-12-29 14:44:49.300 : 108005.png - PSNR: 28.84 dB; SSIM: 0.8277.
24-12-29 14:44:49.797 : 108070.png - PSNR: 26.32 dB; SSIM: 0.7697.
24-12-29 14:44:50.302 : 108082.png - PSNR: 29.21 dB; SSIM: 0.8423.
24-12-29 14:44:50.799 : 109053.png - PSNR: 29.91 dB; SSIM: 0.8245.
24-12-29 14:44:51.294 : 119082.png - PSNR: 29.53 dB; SSIM: 0.8909.
24-12-29 14:44:51.791 : 12084.png - PSNR: 28.61 dB; SSIM: 0.7915.
24-12-29 14:44:52.286 : 123074.png - PSNR: 29.74 dB; SSIM: 0.8290.
24-12-29 14:44:52.782 : 126007.png - PSNR: 31.15 dB; SSIM: 0.8622.
24-12-29 14:44:53.282 : 130026.png - PSNR: 27.37 dB; SSIM: 0.7884.
24-12-29 14:44:53.780 : 134035.png - PSNR: 28.38 dB; SSIM: 0.8587.
24-12-29 14:44:54.277 : 14037.png - PSNR: 33.17 dB; SSIM: 0.8732.
24-12-29 14:44:54.774 : 143090.png - PSNR: 33.34 dB; SSIM: 0.8987.
24-12-29 14:44:55.272 : 145086.png - PSNR: 28.40 dB; SSIM: 0.8194.
24-12-29 14:44:55.769 : 147091.png - PSNR: 29.08 dB; SSIM: 0.8470.
24-12-29 14:44:56.267 : 148026.png - PSNR: 26.57 dB; SSIM: 0.8742.
24-12-29 14:44:56.764 : 148089.png - PSNR: 27.42 dB; SSIM: 0.8197.
24-12-29 14:44:57.261 : 157055.png - PSNR: 29.14 dB; SSIM: 0.8709.
24-12-29 14:44:57.759 : 159008.png - PSNR: 28.87 dB; SSIM: 0.8628.
24-12-29 14:44:58.258 : 160068.png - PSNR: 29.64 dB; SSIM: 0.9153.
24-12-29 14:44:58.756 : 16077.png - PSNR: 28.72 dB; SSIM: 0.8021.
24-12-29 14:44:59.254 : 163085.png - PSNR: 30.26 dB; SSIM: 0.8343.
24-12-29 14:44:59.750 : 167062.png - PSNR: 33.34 dB; SSIM: 0.8867.
24-12-29 14:45:00.248 : 167083.png - PSNR: 24.52 dB; SSIM: 0.8380.
24-12-29 14:45:00.747 : 170057.png - PSNR: 30.06 dB; SSIM: 0.8125.
24-12-29 14:45:01.245 : 175032.png - PSNR: 24.80 dB; SSIM: 0.8185.
24-12-29 14:45:01.741 : 175043.png - PSNR: 26.74 dB; SSIM: 0.8146.
24-12-29 14:45:02.240 : 182053.png - PSNR: 28.07 dB; SSIM: 0.8987.
24-12-29 14:45:02.739 : 189080.png - PSNR: 33.90 dB; SSIM: 0.8719.
24-12-29 14:45:03.238 : 19021.png - PSNR: 28.24 dB; SSIM: 0.8047.
24-12-29 14:45:03.736 : 196073.png - PSNR: 27.66 dB; SSIM: 0.5670.
24-12-29 14:45:04.234 : 197017.png - PSNR: 28.71 dB; SSIM: 0.7855.
24-12-29 14:45:04.732 : 208001.png - PSNR: 29.33 dB; SSIM: 0.8094.
24-12-29 14:45:05.230 : 210088.png - PSNR: 34.02 dB; SSIM: 0.9288.
24-12-29 14:45:05.727 : 21077.png - PSNR: 29.66 dB; SSIM: 0.7955.
24-12-29 14:45:06.225 : 216081.png - PSNR: 28.20 dB; SSIM: 0.8248.
24-12-29 14:45:06.724 : 219090.png - PSNR: 29.91 dB; SSIM: 0.8213.
24-12-29 14:45:07.221 : 220075.png - PSNR: 30.67 dB; SSIM: 0.8915.
24-12-29 14:45:07.718 : 223061.png - PSNR: 28.34 dB; SSIM: 0.8706.
24-12-29 14:45:08.218 : 227092.png - PSNR: 34.04 dB; SSIM: 0.8778.
24-12-29 14:45:08.716 : 229036.png - PSNR: 26.59 dB; SSIM: 0.7901.
24-12-29 14:45:09.216 : 236037.png - PSNR: 26.73 dB; SSIM: 0.7874.
24-12-29 14:45:09.715 : 24077.png - PSNR: 30.32 dB; SSIM: 0.9228.
24-12-29 14:45:10.214 : 241004.png - PSNR: 31.69 dB; SSIM: 0.8227.
24-12-29 14:45:10.714 : 241048.png - PSNR: 27.03 dB; SSIM: 0.7862.
24-12-29 14:45:11.214 : 253027.png - PSNR: 28.70 dB; SSIM: 0.8157.
24-12-29 14:45:11.712 : 253055.png - PSNR: 32.33 dB; SSIM: 0.8381.
24-12-29 14:45:12.211 : 260058.png - PSNR: 31.36 dB; SSIM: 0.7857.
24-12-29 14:45:12.710 : 271035.png - PSNR: 29.46 dB; SSIM: 0.8338.
24-12-29 14:45:13.209 : 285079.png - PSNR: 27.78 dB; SSIM: 0.7929.
24-12-29 14:45:13.707 : 291000.png - PSNR: 24.14 dB; SSIM: 0.7811.
24-12-29 14:45:14.207 : 295087.png - PSNR: 28.44 dB; SSIM: 0.8214.
24-12-29 14:45:14.706 : 296007.png - PSNR: 31.08 dB; SSIM: 0.7923.
24-12-29 14:45:15.205 : 296059.png - PSNR: 30.56 dB; SSIM: 0.7906.
24-12-29 14:45:15.713 : 299086.png - PSNR: 31.19 dB; SSIM: 0.8059.
24-12-29 14:45:16.210 : 300091.png - PSNR: 30.48 dB; SSIM: 0.8087.
24-12-29 14:45:16.709 : 302008.png - PSNR: 34.68 dB; SSIM: 0.9404.
24-12-29 14:45:17.209 : 304034.png - PSNR: 26.70 dB; SSIM: 0.8284.
24-12-29 14:45:17.707 : 304074.png - PSNR: 26.84 dB; SSIM: 0.7285.
24-12-29 14:45:18.207 : 306005.png - PSNR: 29.11 dB; SSIM: 0.8275.
24-12-29 14:45:18.705 : 3096.png - PSNR: 38.69 dB; SSIM: 0.9689.
24-12-29 14:45:19.203 : 33039.png - PSNR: 24.83 dB; SSIM: 0.8459.
24-12-29 14:45:19.700 : 351093.png - PSNR: 26.26 dB; SSIM: 0.8629.
24-12-29 14:45:19.702 : Average PSNR/SSIM(RGB) - CBSD68_dn_DBFE_gray_25 - PSNR: 29.38 dB; SSIM: 0.8332
