24-12-29 14:12:49.108 : Model path: model_results\DBFE_color.pth
24-12-29 14:12:49.108 : Params number: 3629766
24-12-29 14:12:49.109 : model_name:DBFE_color, model sigma:15, image sigma:15
24-12-29 14:12:49.109 : testsets\McMaster
24-12-29 14:12:52.009 : 1.png - PSNR: 31.63 dB; SSIM: 0.9102.
24-12-29 14:12:52.755 : 10.png - PSNR: 35.99 dB; SSIM: 0.9389.
24-12-29 14:12:53.503 : 11.png - PSNR: 36.16 dB; SSIM: 0.9285.
24-12-29 14:12:54.251 : 12.png - PSNR: 37.34 dB; SSIM: 0.9450.
24-12-29 14:12:54.996 : 13.png - PSNR: 39.12 dB; SSIM: 0.9330.
24-12-29 14:12:55.752 : 14.png - PSNR: 36.72 dB; SSIM: 0.9207.
24-12-29 14:12:56.501 : 15.png - PSNR: 36.54 dB; SSIM: 0.9167.
24-12-29 14:12:57.248 : 16.png - PSNR: 32.94 dB; SSIM: 0.9206.
24-12-29 14:12:58.002 : 17.png - PSNR: 33.12 dB; SSIM: 0.9135.
24-12-29 14:12:58.752 : 18.png - PSNR: 34.05 dB; SSIM: 0.9211.
24-12-29 14:12:59.504 : 2.png - PSNR: 33.92 dB; SSIM: 0.9087.
24-12-29 14:13:00.255 : 3.png - PSNR: 33.37 dB; SSIM: 0.9473.
24-12-29 14:13:01.003 : 4.png - PSNR: 36.46 dB; SSIM: 0.9655.
24-12-29 14:13:01.753 : 5.png - PSNR: 34.25 dB; SSIM: 0.9206.
24-12-29 14:13:02.504 : 6.png - PSNR: 35.30 dB; SSIM: 0.9269.
24-12-29 14:13:03.252 : 7.png - PSNR: 33.68 dB; SSIM: 0.9160.
24-12-29 14:13:04.004 : 8.png - PSNR: 36.65 dB; SSIM: 0.9482.
24-12-29 14:13:04.757 : 9.png - PSNR: 35.93 dB; SSIM: 0.9349.
24-12-29 14:13:04.764 : Average PSNR/SSIM(RGB) - McMaster_dn_DBFE_color_15 - PSNR: 35.18 dB; SSIM: 0.9287
