24-12-29 14:00:52.422 : Model path: model_results\DBFE_color.pth
24-12-29 14:00:52.422 : Params number: 3629766
24-12-29 14:00:52.423 : model_name:DBFE_color, model sigma:15, image sigma:15
24-12-29 14:00:52.423 : testsets\CBSD68
24-12-29 14:00:55.097 : 101085.png - PSNR: 31.27 dB; SSIM: 0.9105.
24-12-29 14:00:55.635 : 101087.png - PSNR: 35.26 dB; SSIM: 0.9504.
24-12-29 14:00:56.176 : 102061.png - PSNR: 35.06 dB; SSIM: 0.9331.
24-12-29 14:00:56.715 : 103070.png - PSNR: 35.75 dB; SSIM: 0.9434.
24-12-29 14:00:57.253 : 105025.png - PSNR: 33.03 dB; SSIM: 0.9414.
24-12-29 14:00:57.791 : 106024.png - PSNR: 37.49 dB; SSIM: 0.9554.
24-12-29 14:00:58.332 : 108005.png - PSNR: 33.73 dB; SSIM: 0.9324.
24-12-29 14:00:58.874 : 108070.png - PSNR: 31.87 dB; SSIM: 0.9208.
24-12-29 14:00:59.415 : 108082.png - PSNR: 34.24 dB; SSIM: 0.9401.
24-12-29 14:00:59.953 : 109053.png - PSNR: 34.60 dB; SSIM: 0.9297.
24-12-29 14:01:00.494 : 119082.png - PSNR: 34.61 dB; SSIM: 0.9560.
24-12-29 14:01:01.033 : 12084.png - PSNR: 32.91 dB; SSIM: 0.9141.
24-12-29 14:01:01.572 : 123074.png - PSNR: 34.64 dB; SSIM: 0.9356.
24-12-29 14:01:02.112 : 126007.png - PSNR: 35.63 dB; SSIM: 0.9321.
24-12-29 14:01:02.655 : 130026.png - PSNR: 32.82 dB; SSIM: 0.9180.
24-12-29 14:01:03.195 : 134035.png - PSNR: 33.72 dB; SSIM: 0.9470.
24-12-29 14:01:03.735 : 14037.png - PSNR: 37.11 dB; SSIM: 0.9376.
24-12-29 14:01:04.275 : 143090.png - PSNR: 37.46 dB; SSIM: 0.9503.
24-12-29 14:01:04.814 : 145086.png - PSNR: 33.63 dB; SSIM: 0.9283.
24-12-29 14:01:05.353 : 147091.png - PSNR: 34.16 dB; SSIM: 0.9261.
24-12-29 14:01:05.896 : 148026.png - PSNR: 32.31 dB; SSIM: 0.9497.
24-12-29 14:01:06.435 : 148089.png - PSNR: 32.55 dB; SSIM: 0.9332.
24-12-29 14:01:06.976 : 157055.png - PSNR: 34.38 dB; SSIM: 0.9481.
24-12-29 14:01:07.516 : 159008.png - PSNR: 34.08 dB; SSIM: 0.9430.
24-12-29 14:01:08.057 : 160068.png - PSNR: 35.03 dB; SSIM: 0.9674.
24-12-29 14:01:08.598 : 16077.png - PSNR: 33.40 dB; SSIM: 0.9189.
24-12-29 14:01:09.149 : 163085.png - PSNR: 34.84 dB; SSIM: 0.9259.
24-12-29 14:01:09.689 : 167062.png - PSNR: 37.89 dB; SSIM: 0.9445.
24-12-29 14:01:10.233 : 167083.png - PSNR: 31.17 dB; SSIM: 0.9586.
24-12-29 14:01:10.774 : 170057.png - PSNR: 34.65 dB; SSIM: 0.9193.
24-12-29 14:01:11.316 : 175032.png - PSNR: 30.67 dB; SSIM: 0.9503.
24-12-29 14:01:11.858 : 175043.png - PSNR: 32.20 dB; SSIM: 0.9430.
24-12-29 14:01:12.398 : 182053.png - PSNR: 33.82 dB; SSIM: 0.9608.
24-12-29 14:01:12.941 : 189080.png - PSNR: 37.08 dB; SSIM: 0.9192.
24-12-29 14:01:13.482 : 19021.png - PSNR: 33.18 dB; SSIM: 0.9262.
24-12-29 14:01:14.024 : 196073.png - PSNR: 31.89 dB; SSIM: 0.8465.
24-12-29 14:01:14.565 : 197017.png - PSNR: 33.40 dB; SSIM: 0.9215.
24-12-29 14:01:15.121 : 208001.png - PSNR: 33.89 dB; SSIM: 0.9179.
24-12-29 14:01:15.664 : 210088.png - PSNR: 37.78 dB; SSIM: 0.9609.
24-12-29 14:01:16.205 : 21077.png - PSNR: 34.06 dB; SSIM: 0.9016.
24-12-29 14:01:16.748 : 216081.png - PSNR: 33.19 dB; SSIM: 0.9344.
24-12-29 14:01:17.290 : 219090.png - PSNR: 34.77 dB; SSIM: 0.9232.
24-12-29 14:01:17.833 : 220075.png - PSNR: 35.37 dB; SSIM: 0.9507.
24-12-29 14:01:18.376 : 223061.png - PSNR: 33.75 dB; SSIM: 0.9548.
24-12-29 14:01:18.921 : 227092.png - PSNR: 37.91 dB; SSIM: 0.9421.
24-12-29 14:01:19.465 : 229036.png - PSNR: 32.06 dB; SSIM: 0.9248.
24-12-29 14:01:20.010 : 236037.png - PSNR: 32.07 dB; SSIM: 0.9333.
24-12-29 14:01:20.552 : 24077.png - PSNR: 35.14 dB; SSIM: 0.9668.
24-12-29 14:01:21.093 : 241004.png - PSNR: 35.56 dB; SSIM: 0.9063.
24-12-29 14:01:21.634 : 241048.png - PSNR: 32.24 dB; SSIM: 0.9257.
24-12-29 14:01:22.179 : 253027.png - PSNR: 33.68 dB; SSIM: 0.9291.
24-12-29 14:01:22.720 : 253055.png - PSNR: 36.01 dB; SSIM: 0.9159.
24-12-29 14:01:23.262 : 260058.png - PSNR: 35.30 dB; SSIM: 0.8985.
24-12-29 14:01:23.806 : 271035.png - PSNR: 34.28 dB; SSIM: 0.9284.
24-12-29 14:01:24.351 : 285079.png - PSNR: 32.89 dB; SSIM: 0.9255.
24-12-29 14:01:24.895 : 291000.png - PSNR: 30.04 dB; SSIM: 0.9450.
24-12-29 14:01:25.438 : 295087.png - PSNR: 33.36 dB; SSIM: 0.9385.
24-12-29 14:01:25.982 : 296007.png - PSNR: 34.72 dB; SSIM: 0.8940.
24-12-29 14:01:26.525 : 296059.png - PSNR: 34.59 dB; SSIM: 0.9042.
24-12-29 14:01:27.068 : 299086.png - PSNR: 35.22 dB; SSIM: 0.9064.
24-12-29 14:01:27.609 : 300091.png - PSNR: 35.10 dB; SSIM: 0.9130.
24-12-29 14:01:28.154 : 302008.png - PSNR: 38.49 dB; SSIM: 0.9638.
24-12-29 14:01:28.697 : 304034.png - PSNR: 32.18 dB; SSIM: 0.9444.
24-12-29 14:01:29.241 : 304074.png - PSNR: 31.82 dB; SSIM: 0.9039.
24-12-29 14:01:29.786 : 306005.png - PSNR: 33.66 dB; SSIM: 0.9247.
24-12-29 14:01:30.328 : 3096.png - PSNR: 42.54 dB; SSIM: 0.9767.
24-12-29 14:01:30.874 : 33039.png - PSNR: 30.93 dB; SSIM: 0.9579.
24-12-29 14:01:31.418 : 351093.png - PSNR: 32.36 dB; SSIM: 0.9595.
24-12-29 14:01:31.423 : Average PSNR/SSIM(RGB) - CBSD68_dn_DBFE_color_15 - PSNR: 34.21 dB; SSIM: 0.9331
