24-12-29 14:05:12.557 : Model path: model_results\DBFE_color.pth
24-12-29 14:05:12.558 : Params number: 3629766
24-12-29 14:05:12.558 : model_name:DBFE_color, model sigma:50, image sigma:50
24-12-29 14:05:12.558 : testsets\CBSD68
24-12-29 14:05:15.156 : 101085.png - PSNR: 25.18 dB; SSIM: 0.6941.
24-12-29 14:05:15.694 : 101087.png - PSNR: 29.37 dB; SSIM: 0.8549.
24-12-29 14:05:16.233 : 102061.png - PSNR: 29.33 dB; SSIM: 0.8539.
24-12-29 14:05:16.774 : 103070.png - PSNR: 29.76 dB; SSIM: 0.8307.
24-12-29 14:05:17.313 : 105025.png - PSNR: 26.74 dB; SSIM: 0.7887.
24-12-29 14:05:17.854 : 106024.png - PSNR: 32.30 dB; SSIM: 0.8910.
24-12-29 14:05:18.391 : 108005.png - PSNR: 27.73 dB; SSIM: 0.7916.
24-12-29 14:05:18.935 : 108070.png - PSNR: 25.42 dB; SSIM: 0.7264.
24-12-29 14:05:19.476 : 108082.png - PSNR: 28.31 dB; SSIM: 0.8147.
24-12-29 14:05:20.016 : 109053.png - PSNR: 28.84 dB; SSIM: 0.7963.
24-12-29 14:05:20.557 : 119082.png - PSNR: 28.35 dB; SSIM: 0.8657.
24-12-29 14:05:21.098 : 12084.png - PSNR: 27.02 dB; SSIM: 0.7559.
24-12-29 14:05:21.650 : 123074.png - PSNR: 28.90 dB; SSIM: 0.8040.
24-12-29 14:05:22.192 : 126007.png - PSNR: 30.08 dB; SSIM: 0.8425.
24-12-29 14:05:22.732 : 130026.png - PSNR: 26.57 dB; SSIM: 0.7584.
24-12-29 14:05:23.272 : 134035.png - PSNR: 27.36 dB; SSIM: 0.8350.
24-12-29 14:05:23.813 : 14037.png - PSNR: 32.25 dB; SSIM: 0.8508.
24-12-29 14:05:24.353 : 143090.png - PSNR: 32.34 dB; SSIM: 0.8868.
24-12-29 14:05:24.892 : 145086.png - PSNR: 27.57 dB; SSIM: 0.7882.
24-12-29 14:05:25.431 : 147091.png - PSNR: 28.04 dB; SSIM: 0.8205.
24-12-29 14:05:25.973 : 148026.png - PSNR: 25.47 dB; SSIM: 0.8438.
24-12-29 14:05:26.513 : 148089.png - PSNR: 26.46 dB; SSIM: 0.7817.
24-12-29 14:05:27.055 : 157055.png - PSNR: 27.88 dB; SSIM: 0.8430.
24-12-29 14:05:27.595 : 159008.png - PSNR: 27.93 dB; SSIM: 0.8301.
24-12-29 14:05:28.149 : 160068.png - PSNR: 28.68 dB; SSIM: 0.8928.
24-12-29 14:05:28.690 : 16077.png - PSNR: 27.79 dB; SSIM: 0.7714.
24-12-29 14:05:29.231 : 163085.png - PSNR: 29.16 dB; SSIM: 0.8008.
24-12-29 14:05:29.771 : 167062.png - PSNR: 32.44 dB; SSIM: 0.8697.
24-12-29 14:05:30.312 : 167083.png - PSNR: 23.64 dB; SSIM: 0.8076.
24-12-29 14:05:30.854 : 170057.png - PSNR: 29.05 dB; SSIM: 0.7786.
24-12-29 14:05:31.397 : 175032.png - PSNR: 23.79 dB; SSIM: 0.7752.
24-12-29 14:05:31.938 : 175043.png - PSNR: 25.72 dB; SSIM: 0.7752.
24-12-29 14:05:32.478 : 182053.png - PSNR: 27.18 dB; SSIM: 0.8780.
24-12-29 14:05:33.020 : 189080.png - PSNR: 32.87 dB; SSIM: 0.8542.
24-12-29 14:05:33.563 : 19021.png - PSNR: 27.31 dB; SSIM: 0.7726.
24-12-29 14:05:34.104 : 196073.png - PSNR: 27.34 dB; SSIM: 0.5416.
24-12-29 14:05:34.648 : 197017.png - PSNR: 27.93 dB; SSIM: 0.7575.
24-12-29 14:05:35.192 : 208001.png - PSNR: 28.15 dB; SSIM: 0.7556.
24-12-29 14:05:35.737 : 210088.png - PSNR: 31.95 dB; SSIM: 0.9070.
24-12-29 14:05:36.281 : 21077.png - PSNR: 28.79 dB; SSIM: 0.7750.
24-12-29 14:05:36.825 : 216081.png - PSNR: 27.26 dB; SSIM: 0.7880.
24-12-29 14:05:37.367 : 219090.png - PSNR: 29.01 dB; SSIM: 0.7977.
24-12-29 14:05:37.911 : 220075.png - PSNR: 29.36 dB; SSIM: 0.8670.
24-12-29 14:05:38.458 : 223061.png - PSNR: 27.35 dB; SSIM: 0.8397.
24-12-29 14:05:39.002 : 227092.png - PSNR: 33.03 dB; SSIM: 0.8586.
24-12-29 14:05:39.545 : 229036.png - PSNR: 25.68 dB; SSIM: 0.7562.
24-12-29 14:05:40.088 : 236037.png - PSNR: 25.73 dB; SSIM: 0.7503.
24-12-29 14:05:40.630 : 24077.png - PSNR: 28.63 dB; SSIM: 0.9049.
24-12-29 14:05:41.173 : 241004.png - PSNR: 30.98 dB; SSIM: 0.8046.
24-12-29 14:05:41.716 : 241048.png - PSNR: 26.23 dB; SSIM: 0.7550.
24-12-29 14:05:42.262 : 253027.png - PSNR: 27.76 dB; SSIM: 0.7870.
24-12-29 14:05:42.806 : 253055.png - PSNR: 31.50 dB; SSIM: 0.8162.
24-12-29 14:05:43.349 : 260058.png - PSNR: 30.69 dB; SSIM: 0.7598.
24-12-29 14:05:43.905 : 271035.png - PSNR: 28.53 dB; SSIM: 0.8099.
24-12-29 14:05:44.451 : 285079.png - PSNR: 26.80 dB; SSIM: 0.7608.
24-12-29 14:05:44.995 : 291000.png - PSNR: 23.12 dB; SSIM: 0.7322.
24-12-29 14:05:45.539 : 295087.png - PSNR: 27.50 dB; SSIM: 0.7851.
24-12-29 14:05:46.083 : 296007.png - PSNR: 30.37 dB; SSIM: 0.7682.
24-12-29 14:05:46.627 : 296059.png - PSNR: 29.76 dB; SSIM: 0.7638.
24-12-29 14:05:47.171 : 299086.png - PSNR: 30.40 dB; SSIM: 0.7841.
24-12-29 14:05:47.716 : 300091.png - PSNR: 29.66 dB; SSIM: 0.7875.
24-12-29 14:05:48.263 : 302008.png - PSNR: 33.24 dB; SSIM: 0.9285.
24-12-29 14:05:48.807 : 304034.png - PSNR: 25.63 dB; SSIM: 0.7885.
24-12-29 14:05:49.354 : 304074.png - PSNR: 26.13 dB; SSIM: 0.6889.
24-12-29 14:05:49.899 : 306005.png - PSNR: 27.95 dB; SSIM: 0.7903.
24-12-29 14:05:50.442 : 3096.png - PSNR: 37.37 dB; SSIM: 0.9642.
24-12-29 14:05:50.987 : 33039.png - PSNR: 23.99 dB; SSIM: 0.8179.
24-12-29 14:05:51.532 : 351093.png - PSNR: 25.29 dB; SSIM: 0.8290.
24-12-29 14:05:51.537 : Average PSNR/SSIM(RGB) - CBSD68_dn_DBFE_color_50 - PSNR: 28.38 dB; SSIM: 0.8051
