24-12-29 14:03:30.551 : Model path: model_results\DBFE_color.pth
24-12-29 14:03:30.551 : Params number: 3629766
24-12-29 14:03:30.551 : model_name:DBFE_color, model sigma:25, image sigma:25
24-12-29 14:03:30.551 : testsets\CBSD68
24-12-29 14:03:33.104 : 101085.png - PSNR: 28.41 dB; SSIM: 0.8350.
24-12-29 14:03:33.643 : 101087.png - PSNR: 32.58 dB; SSIM: 0.9185.
24-12-29 14:03:34.182 : 102061.png - PSNR: 32.55 dB; SSIM: 0.9032.
24-12-29 14:03:34.723 : 103070.png - PSNR: 33.07 dB; SSIM: 0.9074.
24-12-29 14:03:35.260 : 105025.png - PSNR: 30.12 dB; SSIM: 0.8939.
24-12-29 14:03:35.799 : 106024.png - PSNR: 35.17 dB; SSIM: 0.9337.
24-12-29 14:03:36.338 : 108005.png - PSNR: 31.06 dB; SSIM: 0.8860.
24-12-29 14:03:36.880 : 108070.png - PSNR: 28.93 dB; SSIM: 0.8586.
24-12-29 14:03:37.419 : 108082.png - PSNR: 31.55 dB; SSIM: 0.8989.
24-12-29 14:03:37.959 : 109053.png - PSNR: 31.98 dB; SSIM: 0.8835.
24-12-29 14:03:38.501 : 119082.png - PSNR: 31.88 dB; SSIM: 0.9286.
24-12-29 14:03:39.040 : 12084.png - PSNR: 30.33 dB; SSIM: 0.8621.
24-12-29 14:03:39.577 : 123074.png - PSNR: 32.05 dB; SSIM: 0.8931.
24-12-29 14:03:40.117 : 126007.png - PSNR: 33.22 dB; SSIM: 0.9006.
24-12-29 14:03:40.659 : 130026.png - PSNR: 29.97 dB; SSIM: 0.8629.
24-12-29 14:03:41.200 : 134035.png - PSNR: 30.98 dB; SSIM: 0.9103.
24-12-29 14:03:41.742 : 14037.png - PSNR: 34.91 dB; SSIM: 0.9052.
24-12-29 14:03:42.283 : 143090.png - PSNR: 35.18 dB; SSIM: 0.9279.
24-12-29 14:03:42.823 : 145086.png - PSNR: 30.80 dB; SSIM: 0.8803.
24-12-29 14:03:43.364 : 147091.png - PSNR: 31.42 dB; SSIM: 0.8889.
24-12-29 14:03:43.906 : 148026.png - PSNR: 29.30 dB; SSIM: 0.9182.
24-12-29 14:03:44.469 : 148089.png - PSNR: 29.83 dB; SSIM: 0.8846.
24-12-29 14:03:45.011 : 157055.png - PSNR: 31.54 dB; SSIM: 0.9154.
24-12-29 14:03:45.553 : 159008.png - PSNR: 31.36 dB; SSIM: 0.9062.
24-12-29 14:03:46.093 : 160068.png - PSNR: 32.15 dB; SSIM: 0.9451.
24-12-29 14:03:46.634 : 16077.png - PSNR: 30.84 dB; SSIM: 0.8671.
24-12-29 14:03:47.185 : 163085.png - PSNR: 32.31 dB; SSIM: 0.8828.
24-12-29 14:03:47.727 : 167062.png - PSNR: 35.45 dB; SSIM: 0.9167.
24-12-29 14:03:48.268 : 167083.png - PSNR: 27.73 dB; SSIM: 0.9165.
24-12-29 14:03:48.810 : 170057.png - PSNR: 32.16 dB; SSIM: 0.8718.
24-12-29 14:03:49.352 : 175032.png - PSNR: 27.54 dB; SSIM: 0.9005.
24-12-29 14:03:49.893 : 175043.png - PSNR: 29.26 dB; SSIM: 0.8927.
24-12-29 14:03:50.434 : 182053.png - PSNR: 30.78 dB; SSIM: 0.9358.
24-12-29 14:03:50.976 : 189080.png - PSNR: 35.25 dB; SSIM: 0.8905.
24-12-29 14:03:51.517 : 19021.png - PSNR: 30.47 dB; SSIM: 0.8742.
24-12-29 14:03:52.062 : 196073.png - PSNR: 29.44 dB; SSIM: 0.7229.
24-12-29 14:03:52.603 : 197017.png - PSNR: 30.77 dB; SSIM: 0.8654.
24-12-29 14:03:53.146 : 208001.png - PSNR: 31.31 dB; SSIM: 0.8649.
24-12-29 14:03:54.493 : 210088.png - PSNR: 35.47 dB; SSIM: 0.9456.
24-12-29 14:03:55.035 : 21077.png - PSNR: 31.74 dB; SSIM: 0.8521.
24-12-29 14:03:55.578 : 216081.png - PSNR: 30.47 dB; SSIM: 0.8862.
24-12-29 14:03:56.119 : 219090.png - PSNR: 32.23 dB; SSIM: 0.8792.
24-12-29 14:03:56.658 : 220075.png - PSNR: 32.76 dB; SSIM: 0.9228.
24-12-29 14:03:57.199 : 223061.png - PSNR: 30.91 dB; SSIM: 0.9219.
24-12-29 14:03:57.741 : 227092.png - PSNR: 35.85 dB; SSIM: 0.9158.
24-12-29 14:03:58.284 : 229036.png - PSNR: 29.19 dB; SSIM: 0.8691.
24-12-29 14:03:58.826 : 236037.png - PSNR: 29.15 dB; SSIM: 0.8767.
24-12-29 14:03:59.371 : 24077.png - PSNR: 32.36 dB; SSIM: 0.9481.
24-12-29 14:03:59.911 : 241004.png - PSNR: 33.42 dB; SSIM: 0.8638.
24-12-29 14:04:00.453 : 241048.png - PSNR: 29.43 dB; SSIM: 0.8691.
24-12-29 14:04:00.994 : 253027.png - PSNR: 31.04 dB; SSIM: 0.8790.
24-12-29 14:04:01.535 : 253055.png - PSNR: 33.94 dB; SSIM: 0.8754.
24-12-29 14:04:02.077 : 260058.png - PSNR: 33.15 dB; SSIM: 0.8452.
24-12-29 14:04:02.619 : 271035.png - PSNR: 31.74 dB; SSIM: 0.8871.
24-12-29 14:04:03.161 : 285079.png - PSNR: 30.14 dB; SSIM: 0.8718.
24-12-29 14:04:03.702 : 291000.png - PSNR: 26.80 dB; SSIM: 0.8854.
24-12-29 14:04:04.243 : 295087.png - PSNR: 30.60 dB; SSIM: 0.8892.
24-12-29 14:04:04.784 : 296007.png - PSNR: 32.62 dB; SSIM: 0.8439.
24-12-29 14:04:05.326 : 296059.png - PSNR: 32.27 dB; SSIM: 0.8495.
24-12-29 14:04:05.870 : 299086.png - PSNR: 32.99 dB; SSIM: 0.8582.
24-12-29 14:04:06.412 : 300091.png - PSNR: 32.63 dB; SSIM: 0.8666.
24-12-29 14:04:06.955 : 302008.png - PSNR: 36.31 dB; SSIM: 0.9508.
24-12-29 14:04:07.496 : 304034.png - PSNR: 29.20 dB; SSIM: 0.8979.
24-12-29 14:04:08.041 : 304074.png - PSNR: 29.10 dB; SSIM: 0.8296.
24-12-29 14:04:08.585 : 306005.png - PSNR: 31.05 dB; SSIM: 0.8774.
24-12-29 14:04:09.126 : 3096.png - PSNR: 40.59 dB; SSIM: 0.9725.
24-12-29 14:04:09.668 : 33039.png - PSNR: 27.75 dB; SSIM: 0.9173.
24-12-29 14:04:10.209 : 351093.png - PSNR: 29.11 dB; SSIM: 0.9222.
24-12-29 14:04:10.214 : Average PSNR/SSIM(RGB) - CBSD68_dn_DBFE_color_25 - PSNR: 31.58 dB; SSIM: 0.8900
