24-12-29 14:42:13.790 : Model path: model_results\DBFE_gray.pth
24-12-29 14:42:13.791 : Params number: 3625014
24-12-29 14:42:13.791 : model_name:DBFE_gray, model sigma:15, image sigma:15
24-12-29 14:42:13.791 : testsets_gray\CBSD68
24-12-29 14:42:16.347 : 101085.png - PSNR: 28.44 dB; SSIM: 0.8278.
24-12-29 14:42:16.841 : 101087.png - PSNR: 32.83 dB; SSIM: 0.9205.
24-12-29 14:42:17.335 : 102061.png - PSNR: 32.75 dB; SSIM: 0.9033.
24-12-29 14:42:17.829 : 103070.png - PSNR: 33.39 dB; SSIM: 0.9086.
24-12-29 14:42:18.322 : 105025.png - PSNR: 30.31 dB; SSIM: 0.8947.
24-12-29 14:42:18.817 : 106024.png - PSNR: 35.40 dB; SSIM: 0.9344.
24-12-29 14:42:19.310 : 108005.png - PSNR: 31.41 dB; SSIM: 0.8922.
24-12-29 14:42:19.804 : 108070.png - PSNR: 29.06 dB; SSIM: 0.8632.
24-12-29 14:42:20.299 : 108082.png - PSNR: 31.67 dB; SSIM: 0.9005.
24-12-29 14:42:20.793 : 109053.png - PSNR: 32.30 dB; SSIM: 0.8858.
24-12-29 14:42:21.287 : 119082.png - PSNR: 32.14 dB; SSIM: 0.9305.
24-12-29 14:42:21.793 : 12084.png - PSNR: 31.10 dB; SSIM: 0.8670.
24-12-29 14:42:22.293 : 123074.png - PSNR: 32.15 dB; SSIM: 0.8926.
24-12-29 14:42:22.786 : 126007.png - PSNR: 33.48 dB; SSIM: 0.9036.
24-12-29 14:42:23.283 : 130026.png - PSNR: 29.99 dB; SSIM: 0.8627.
24-12-29 14:42:23.780 : 134035.png - PSNR: 31.14 dB; SSIM: 0.9119.
24-12-29 14:42:24.276 : 14037.png - PSNR: 35.16 dB; SSIM: 0.9112.
24-12-29 14:42:24.771 : 143090.png - PSNR: 35.50 dB; SSIM: 0.9290.
24-12-29 14:42:25.265 : 145086.png - PSNR: 30.88 dB; SSIM: 0.8840.
24-12-29 14:42:25.759 : 147091.png - PSNR: 31.68 dB; SSIM: 0.8960.
24-12-29 14:42:26.257 : 148026.png - PSNR: 29.52 dB; SSIM: 0.9235.
24-12-29 14:42:26.755 : 148089.png - PSNR: 29.98 dB; SSIM: 0.8891.
24-12-29 14:42:27.250 : 157055.png - PSNR: 31.95 dB; SSIM: 0.9207.
24-12-29 14:42:27.747 : 159008.png - PSNR: 31.50 dB; SSIM: 0.9139.
24-12-29 14:42:28.242 : 160068.png - PSNR: 32.28 dB; SSIM: 0.9487.
24-12-29 14:42:28.737 : 16077.png - PSNR: 31.07 dB; SSIM: 0.8704.
24-12-29 14:42:29.233 : 163085.png - PSNR: 32.61 dB; SSIM: 0.8876.
24-12-29 14:42:29.729 : 167062.png - PSNR: 35.62 dB; SSIM: 0.9202.
24-12-29 14:42:30.225 : 167083.png - PSNR: 27.60 dB; SSIM: 0.9139.
24-12-29 14:42:30.723 : 170057.png - PSNR: 32.49 dB; SSIM: 0.8791.
24-12-29 14:42:31.221 : 175032.png - PSNR: 27.66 dB; SSIM: 0.9019.
24-12-29 14:42:31.718 : 175043.png - PSNR: 29.45 dB; SSIM: 0.8950.
24-12-29 14:42:32.218 : 182053.png - PSNR: 30.80 dB; SSIM: 0.9377.
24-12-29 14:42:32.715 : 189080.png - PSNR: 35.62 dB; SSIM: 0.8968.
24-12-29 14:42:33.214 : 19021.png - PSNR: 30.63 dB; SSIM: 0.8758.
24-12-29 14:42:33.712 : 196073.png - PSNR: 29.29 dB; SSIM: 0.7110.
24-12-29 14:42:34.208 : 197017.png - PSNR: 30.85 dB; SSIM: 0.8644.
24-12-29 14:42:34.705 : 208001.png - PSNR: 31.81 dB; SSIM: 0.8801.
24-12-29 14:42:35.203 : 210088.png - PSNR: 36.74 dB; SSIM: 0.9535.
24-12-29 14:42:35.700 : 21077.png - PSNR: 31.83 dB; SSIM: 0.8498.
24-12-29 14:42:36.199 : 216081.png - PSNR: 30.66 dB; SSIM: 0.8936.
24-12-29 14:42:36.698 : 219090.png - PSNR: 32.27 dB; SSIM: 0.8771.
24-12-29 14:42:37.197 : 220075.png - PSNR: 33.27 dB; SSIM: 0.9292.
24-12-29 14:42:37.695 : 223061.png - PSNR: 30.97 dB; SSIM: 0.9236.
24-12-29 14:42:38.194 : 227092.png - PSNR: 36.15 dB; SSIM: 0.9165.
24-12-29 14:42:38.691 : 229036.png - PSNR: 29.24 dB; SSIM: 0.8680.
24-12-29 14:42:39.188 : 236037.png - PSNR: 29.36 dB; SSIM: 0.8761.
24-12-29 14:42:39.686 : 24077.png - PSNR: 33.10 dB; SSIM: 0.9513.
24-12-29 14:42:40.183 : 241004.png - PSNR: 33.55 dB; SSIM: 0.8663.
24-12-29 14:42:40.681 : 241048.png - PSNR: 29.48 dB; SSIM: 0.8682.
24-12-29 14:42:41.181 : 253027.png - PSNR: 31.14 dB; SSIM: 0.8801.
24-12-29 14:42:41.678 : 253055.png - PSNR: 34.15 dB; SSIM: 0.8800.
24-12-29 14:42:42.176 : 260058.png - PSNR: 33.23 dB; SSIM: 0.8465.
24-12-29 14:42:42.676 : 271035.png - PSNR: 31.91 dB; SSIM: 0.8887.
24-12-29 14:42:43.174 : 285079.png - PSNR: 30.34 dB; SSIM: 0.8725.
24-12-29 14:42:43.672 : 291000.png - PSNR: 27.03 dB; SSIM: 0.8870.
24-12-29 14:42:44.169 : 295087.png - PSNR: 30.87 dB; SSIM: 0.8950.
24-12-29 14:42:44.667 : 296007.png - PSNR: 32.77 dB; SSIM: 0.8465.
24-12-29 14:42:45.167 : 296059.png - PSNR: 32.42 dB; SSIM: 0.8518.
24-12-29 14:42:45.665 : 299086.png - PSNR: 33.19 dB; SSIM: 0.8605.
24-12-29 14:42:46.163 : 300091.png - PSNR: 32.71 dB; SSIM: 0.8661.
24-12-29 14:42:46.661 : 302008.png - PSNR: 36.91 dB; SSIM: 0.9546.
24-12-29 14:42:47.159 : 304034.png - PSNR: 29.48 dB; SSIM: 0.9023.
24-12-29 14:42:47.657 : 304074.png - PSNR: 29.10 dB; SSIM: 0.8273.
24-12-29 14:42:48.154 : 306005.png - PSNR: 31.52 dB; SSIM: 0.8885.
24-12-29 14:42:48.653 : 3096.png - PSNR: 40.96 dB; SSIM: 0.9744.
24-12-29 14:42:49.151 : 33039.png - PSNR: 27.67 dB; SSIM: 0.9149.
24-12-29 14:42:49.650 : 351093.png - PSNR: 29.19 dB; SSIM: 0.9252.
24-12-29 14:42:49.652 : Average PSNR/SSIM(RGB) - CBSD68_dn_DBFE_gray_15 - PSNR: 31.80 dB; SSIM: 0.8924
