24-12-29 14:11:15.583 : Model path: model_results\DBFE_color.pth
24-12-29 14:11:15.583 : Params number: 3629766
24-12-29 14:11:15.583 : model_name:DBFE_color, model sigma:25, image sigma:25
24-12-29 14:11:15.583 : testsets\McMaster
24-12-29 14:11:18.305 : 1.png - PSNR: 29.21 dB; SSIM: 0.8637.
24-12-29 14:11:19.052 : 10.png - PSNR: 33.68 dB; SSIM: 0.9112.
24-12-29 14:11:19.810 : 11.png - PSNR: 33.92 dB; SSIM: 0.8973.
24-12-29 14:11:20.558 : 12.png - PSNR: 35.09 dB; SSIM: 0.9311.
24-12-29 14:11:21.305 : 13.png - PSNR: 37.71 dB; SSIM: 0.9265.
24-12-29 14:11:22.050 : 14.png - PSNR: 35.02 dB; SSIM: 0.9018.
24-12-29 14:11:22.800 : 15.png - PSNR: 34.71 dB; SSIM: 0.8906.
24-12-29 14:11:23.548 : 16.png - PSNR: 30.32 dB; SSIM: 0.8695.
24-12-29 14:11:24.296 : 17.png - PSNR: 30.56 dB; SSIM: 0.8631.
24-12-29 14:11:25.046 : 18.png - PSNR: 31.81 dB; SSIM: 0.8814.
24-12-29 14:11:25.795 : 2.png - PSNR: 31.80 dB; SSIM: 0.8728.
24-12-29 14:11:26.542 : 3.png - PSNR: 30.68 dB; SSIM: 0.9197.
24-12-29 14:11:27.291 : 4.png - PSNR: 33.98 dB; SSIM: 0.9487.
24-12-29 14:11:28.638 : 5.png - PSNR: 31.94 dB; SSIM: 0.8860.
24-12-29 14:11:29.390 : 6.png - PSNR: 32.91 dB; SSIM: 0.8930.
24-12-29 14:11:30.140 : 7.png - PSNR: 31.22 dB; SSIM: 0.8652.
24-12-29 14:11:30.890 : 8.png - PSNR: 34.17 dB; SSIM: 0.9264.
24-12-29 14:11:31.640 : 9.png - PSNR: 33.61 dB; SSIM: 0.9142.
24-12-29 14:11:31.647 : Average PSNR/SSIM(RGB) - McMaster_dn_DBFE_color_25 - PSNR: 32.91 dB; SSIM: 0.8979
