24-12-29 14:10:10.128 : Model path: model_results\DBFE_color.pth
24-12-29 14:10:10.128 : Params number: 3629766
24-12-29 14:10:10.129 : model_name:DBFE_color, model sigma:50, image sigma:50
24-12-29 14:10:10.129 : testsets\McMaster
24-12-29 14:10:12.989 : 1.png - PSNR: 26.12 dB; SSIM: 0.7729.
24-12-29 14:10:13.738 : 10.png - PSNR: 30.54 dB; SSIM: 0.8529.
24-12-29 14:10:14.496 : 11.png - PSNR: 31.02 dB; SSIM: 0.8409.
24-12-29 14:10:15.246 : 12.png - PSNR: 31.63 dB; SSIM: 0.8952.
24-12-29 14:10:15.992 : 13.png - PSNR: 34.85 dB; SSIM: 0.9085.
24-12-29 14:10:16.741 : 14.png - PSNR: 32.57 dB; SSIM: 0.8693.
24-12-29 14:10:17.494 : 15.png - PSNR: 32.27 dB; SSIM: 0.8536.
24-12-29 14:10:18.252 : 16.png - PSNR: 26.91 dB; SSIM: 0.7606.
24-12-29 14:10:19.005 : 17.png - PSNR: 27.19 dB; SSIM: 0.7620.
24-12-29 14:10:19.757 : 18.png - PSNR: 29.07 dB; SSIM: 0.8110.
24-12-29 14:10:20.508 : 2.png - PSNR: 29.01 dB; SSIM: 0.8060.
24-12-29 14:10:21.288 : 3.png - PSNR: 27.06 dB; SSIM: 0.8534.
24-12-29 14:10:22.057 : 4.png - PSNR: 30.46 dB; SSIM: 0.9163.
24-12-29 14:10:22.830 : 5.png - PSNR: 28.80 dB; SSIM: 0.8201.
24-12-29 14:10:23.599 : 6.png - PSNR: 29.54 dB; SSIM: 0.8206.
24-12-29 14:10:24.348 : 7.png - PSNR: 28.60 dB; SSIM: 0.7754.
24-12-29 14:10:25.098 : 8.png - PSNR: 30.80 dB; SSIM: 0.8778.
24-12-29 14:10:25.930 : 9.png - PSNR: 30.24 dB; SSIM: 0.8677.
24-12-29 14:10:25.941 : Average PSNR/SSIM(RGB) - McMaster_dn_DBFE_color_50 - PSNR: 29.82 dB; SSIM: 0.8369
