24-12-29 14:46:17.936 : Model path: model_results\DBFE_gray.pth
24-12-29 14:46:17.936 : Params number: 3625014
24-12-29 14:46:17.937 : model_name:DBFE_gray, model sigma:50, image sigma:50
24-12-29 14:46:17.937 : testsets_gray\CBSD68
24-12-29 14:46:20.728 : 101085.png - PSNR: 23.30 dB; SSIM: 0.5837.
24-12-29 14:46:21.224 : 101087.png - PSNR: 27.56 dB; SSIM: 0.7979.
24-12-29 14:46:21.721 : 102061.png - PSNR: 27.27 dB; SSIM: 0.8096.
24-12-29 14:46:22.218 : 103070.png - PSNR: 27.84 dB; SSIM: 0.7596.
24-12-29 14:46:22.716 : 105025.png - PSNR: 24.96 dB; SSIM: 0.6962.
24-12-29 14:46:23.214 : 106024.png - PSNR: 30.73 dB; SSIM: 0.8573.
24-12-29 14:46:23.711 : 108005.png - PSNR: 25.70 dB; SSIM: 0.7143.
24-12-29 14:46:24.209 : 108070.png - PSNR: 23.21 dB; SSIM: 0.6045.
24-12-29 14:46:24.706 : 108082.png - PSNR: 26.30 dB; SSIM: 0.7398.
24-12-29 14:46:25.216 : 109053.png - PSNR: 27.08 dB; SSIM: 0.7275.
24-12-29 14:46:25.728 : 119082.png - PSNR: 26.16 dB; SSIM: 0.8005.
24-12-29 14:46:26.244 : 12084.png - PSNR: 25.50 dB; SSIM: 0.6543.
24-12-29 14:46:26.756 : 123074.png - PSNR: 26.97 dB; SSIM: 0.7178.
24-12-29 14:46:27.269 : 126007.png - PSNR: 28.26 dB; SSIM: 0.7887.
24-12-29 14:46:27.783 : 130026.png - PSNR: 24.39 dB; SSIM: 0.6627.
24-12-29 14:46:28.299 : 134035.png - PSNR: 24.76 dB; SSIM: 0.7570.
24-12-29 14:46:28.814 : 14037.png - PSNR: 30.77 dB; SSIM: 0.8179.
24-12-29 14:46:29.325 : 143090.png - PSNR: 30.68 dB; SSIM: 0.8499.
24-12-29 14:46:29.840 : 145086.png - PSNR: 25.74 dB; SSIM: 0.7175.
24-12-29 14:46:30.354 : 147091.png - PSNR: 26.05 dB; SSIM: 0.7741.
24-12-29 14:46:30.869 : 148026.png - PSNR: 23.06 dB; SSIM: 0.7708.
24-12-29 14:46:31.383 : 148089.png - PSNR: 24.24 dB; SSIM: 0.6872.
24-12-29 14:46:31.898 : 157055.png - PSNR: 25.63 dB; SSIM: 0.7628.
24-12-29 14:46:32.414 : 159008.png - PSNR: 25.52 dB; SSIM: 0.7647.
24-12-29 14:46:32.928 : 160068.png - PSNR: 26.49 dB; SSIM: 0.8480.
24-12-29 14:46:33.442 : 16077.png - PSNR: 25.95 dB; SSIM: 0.6946.
24-12-29 14:46:33.958 : 163085.png - PSNR: 27.39 dB; SSIM: 0.7417.
24-12-29 14:46:34.473 : 167062.png - PSNR: 30.55 dB; SSIM: 0.8390.
24-12-29 14:46:34.988 : 167083.png - PSNR: 21.12 dB; SSIM: 0.6778.
24-12-29 14:46:35.502 : 170057.png - PSNR: 27.17 dB; SSIM: 0.7022.
24-12-29 14:46:36.018 : 175032.png - PSNR: 21.53 dB; SSIM: 0.6405.
24-12-29 14:46:36.533 : 175043.png - PSNR: 23.60 dB; SSIM: 0.6566.
24-12-29 14:46:37.046 : 182053.png - PSNR: 25.02 dB; SSIM: 0.8211.
24-12-29 14:46:37.566 : 189080.png - PSNR: 31.37 dB; SSIM: 0.8363.
24-12-29 14:46:38.079 : 19021.png - PSNR: 25.57 dB; SSIM: 0.6935.
24-12-29 14:46:38.593 : 196073.png - PSNR: 26.36 dB; SSIM: 0.4227.
24-12-29 14:46:39.110 : 197017.png - PSNR: 26.48 dB; SSIM: 0.6716.
24-12-29 14:46:39.624 : 208001.png - PSNR: 26.42 dB; SSIM: 0.6823.
24-12-29 14:46:40.141 : 210088.png - PSNR: 29.96 dB; SSIM: 0.8673.
24-12-29 14:46:40.657 : 21077.png - PSNR: 26.88 dB; SSIM: 0.7165.
24-12-29 14:46:41.161 : 216081.png - PSNR: 25.35 dB; SSIM: 0.7107.
24-12-29 14:46:41.660 : 219090.png - PSNR: 26.95 dB; SSIM: 0.7413.
24-12-29 14:46:42.159 : 220075.png - PSNR: 27.24 dB; SSIM: 0.8219.
24-12-29 14:46:42.659 : 223061.png - PSNR: 25.07 dB; SSIM: 0.7449.
24-12-29 14:46:43.158 : 227092.png - PSNR: 31.59 dB; SSIM: 0.8167.
24-12-29 14:46:43.660 : 229036.png - PSNR: 23.40 dB; SSIM: 0.6507.
24-12-29 14:46:44.158 : 236037.png - PSNR: 23.78 dB; SSIM: 0.6223.
24-12-29 14:46:44.657 : 24077.png - PSNR: 26.65 dB; SSIM: 0.8560.
24-12-29 14:46:45.155 : 241004.png - PSNR: 29.59 dB; SSIM: 0.7711.
24-12-29 14:46:45.655 : 241048.png - PSNR: 24.40 dB; SSIM: 0.6466.
24-12-29 14:46:46.154 : 253027.png - PSNR: 25.57 dB; SSIM: 0.7236.
24-12-29 14:46:46.653 : 253055.png - PSNR: 30.13 dB; SSIM: 0.7836.
24-12-29 14:46:47.153 : 260058.png - PSNR: 29.33 dB; SSIM: 0.7043.
24-12-29 14:46:47.651 : 271035.png - PSNR: 26.27 dB; SSIM: 0.7303.
24-12-29 14:46:48.150 : 285079.png - PSNR: 24.78 dB; SSIM: 0.6577.
24-12-29 14:46:48.650 : 291000.png - PSNR: 21.19 dB; SSIM: 0.5674.
24-12-29 14:46:49.148 : 295087.png - PSNR: 25.95 dB; SSIM: 0.6999.
24-12-29 14:46:49.645 : 296007.png - PSNR: 29.26 dB; SSIM: 0.7216.
24-12-29 14:46:50.145 : 296059.png - PSNR: 28.53 dB; SSIM: 0.7113.
24-12-29 14:46:50.645 : 299086.png - PSNR: 28.95 dB; SSIM: 0.7345.
24-12-29 14:46:51.143 : 300091.png - PSNR: 27.94 dB; SSIM: 0.7308.
24-12-29 14:46:51.642 : 302008.png - PSNR: 31.38 dB; SSIM: 0.9149.
24-12-29 14:46:52.140 : 304034.png - PSNR: 23.55 dB; SSIM: 0.6813.
24-12-29 14:46:52.639 : 304074.png - PSNR: 24.40 dB; SSIM: 0.5767.
24-12-29 14:46:53.137 : 306005.png - PSNR: 26.37 dB; SSIM: 0.7310.
24-12-29 14:46:53.834 : 3096.png - PSNR: 35.44 dB; SSIM: 0.9585.
24-12-29 14:46:54.334 : 33039.png - PSNR: 21.61 dB; SSIM: 0.7054.
24-12-29 14:46:54.833 : 351093.png - PSNR: 23.05 dB; SSIM: 0.7359.
24-12-29 14:46:54.835 : Average PSNR/SSIM(RGB) - CBSD68_dn_DBFE_gray_50 - PSNR: 26.49 dB; SSIM: 0.7320
